<?xml version="1.0" encoding="UTF-8"?>
<!-- Generated by org.testng.reporters.JUnitReportReporter -->
<testsuite skipped="0" hostname="DESKTOP-FJPV0RF" name="com.pack.airlines.FlightBookingTest" tests="3" failures="0" timestamp="2023-05-02T08:37:40 IST" time="15.804" errors="0">
  <testcase name="selectFromCity" time="2.779" classname="com.pack.airlines.FlightBookingTest"/>
  <system-out/>
  <testcase name="selectToCity" time="1.716" classname="com.pack.airlines.FlightBookingTest"/>
  <system-out/>
  <testcase name="selectDateAndSearchFlights" time="11.309" classname="com.pack.airlines.FlightBookingTest"/>
  <system-out/>
</testsuite> <!-- com.pack.airlines.FlightBookingTest -->
