<?xml version="1.0" encoding="UTF-8"?>
<!-- Generated by org.testng.reporters.JUnitReportReporter -->
<testsuite hostname="DESKTOP-FJPV0RF" failures="0" tests="2" name="com.pack.testng.examples.BasicTest3" time="0.012" errors="0" timestamp="2023-04-20T11:38:26 IST" skipped="0">
  <testcase classname="com.pack.testng.examples.BasicTest3" name="TestLogin" time="0.008"/>
  <system-out/>
  <testcase classname="com.pack.testng.examples.BasicTest3" name="TestLogin" time="0.004"/>
  <system-out/>
</testsuite> <!-- com.pack.testng.examples.BasicTest3 -->
