<?xml version="1.0" encoding="UTF-8"?>
<!-- Generated by org.testng.reporters.JUnitReportReporter -->
<testsuite skipped="0" hostname="DESKTOP-FJPV0RF" name="com.pack.testng.examples.FlightBookingTest" tests="3" failures="0" timestamp="2023-05-02T08:30:43 IST" time="20.158" errors="0">
  <testcase name="selectFromCity" time="3.430" classname="com.pack.testng.examples.FlightBookingTest"/>
  <system-out/>
  <testcase name="selectToCity" time="1.656" classname="com.pack.testng.examples.FlightBookingTest"/>
  <system-out/>
  <testcase name="selectDateAndSearchFlights" time="15.072" classname="com.pack.testng.examples.FlightBookingTest"/>
  <system-out/>
</testsuite> <!-- com.pack.testng.examples.FlightBookingTest -->
